29 Sep 12:45:24 - [33m[nodemon] v0.7.10[0m
29 Sep 12:45:24 - [33m[nodemon] to restart at any time, enter `rs`[0m
29 Sep 12:45:24 - [32m[nodemon] watching: /root/angular-curier[0m
29 Sep 12:45:24 - [nodemon] exception in nodemon killing node
Error: EBADF, read
29 Sep 12:45:24 - [32m[nodemon] Unable to write to temp directory. If you experience problems with file reloading, ensure /tmp is writable.[0m
29 Sep 12:45:24 - [32m[nodemon] starting `coffee app.coffee`[0m
Express server listening on port 3000
29 Sep 12:46:07 - [nodemon] restarting due to changes...
29 Sep 12:46:07 - [nodemon] /root/angular-curier/routes/routes.coffee


29 Sep 12:46:07 - [32m[nodemon] starting `coffee app.coffee`[0m
Express server listening on port 3000
{ number: 1 }
1
[90mGET /provider/52472b44774dd1e650000001/museums/52472b44774dd1e650000002/exhibits/number/1 [36m304 [90m180ms[0m
[90mGET /qr_code/52472b44774dd1e6500000ab [36m304 [90m26ms[0m
[90mGET /qr_code/52472b44774dd1e65000013e [32m200 [90m14ms - 1.39kb[0m
[90mOPTIONS /story/52472b44774dd1e65000014a [32m200 [90m3ms - 14b[0m
[90mPUT /story/52472b44774dd1e65000014a [32m200 [90m14ms - 2b[0m
[90mOPTIONS /quiz/52472b44774dd1e65000014b [32m200 [90m1ms - 14b[0m
[90mPUT /quiz/52472b44774dd1e65000014b [32m200 [90m4ms - 2b[0m
[90mOPTIONS /quiz_answer/52472b44774dd1e65000014c [32m200 [90m3ms - 14b[0m
[90mOPTIONS /quiz_answer/52472b44774dd1e65000014e [32m200 [90m6ms - 14b[0m
[90mOPTIONS /quiz_answer/52472b44774dd1e65000014d [32m200 [90m5ms - 14b[0m
[90mOPTIONS /quiz_answer/52472b44774dd1e65000014f [32m200 [90m4ms - 14b[0m
[90mPUT /quiz_answer/52472b44774dd1e65000014c [32m200 [90m10ms - 2b[0m
[90mPUT /quiz_answer/52472b44774dd1e65000014e [32m200 [90m9ms - 2b[0m
[90mPUT /quiz_answer/52472b44774dd1e65000014f [32m200 [90m8ms - 2b[0m
[90mPUT /quiz_answer/52472b44774dd1e65000014d [32m200 [90m8ms - 2b[0m
[90mGET /qr_code/52472b44774dd1e6500000ff [36m304 [90m22ms[0m
[90mGET /qr_code/52472b44774dd1e65000010b [32m200 [90m11ms - 1.38kb[0m
{ number: 1 }
1
[90mGET /provider/52472b44774dd1e650000001/museums/52472b44774dd1e650000002/exhibits/number/1 [32m200 [90m98ms - 99.18kb[0m
[90mGET /qr_code/52472b44774dd1e6500000b7 [32m200 [90m13ms - 1.37kb[0m
{ number: 1 }
1
[90mGET /provider/52472b44774dd1e650000001/museums/52472b44774dd1e650000002/exhibits/number/1 [36m304 [90m115ms[0m
[90mGET /qr_code/52472b44774dd1e6500000b7 [36m304 [90m11ms[0m
[90mGET /qr_code/52472b44774dd1e6500000a2 [32m200 [90m12ms - 1.39kb[0m
[90mOPTIONS /story/52472b44774dd1e650000096 [32m200 [90m2ms - 14b[0m
[90mPUT /story/52472b44774dd1e650000096 [32m200 [90m4ms - 2b[0m
[90mPUT /story/52472b44774dd1e650000096 [32m200 [90m3ms - 2b[0m
[90mPUT /story/52472b44774dd1e650000096 [32m200 [90m3ms - 2b[0m
[90mOPTIONS /story/52472b44774dd1e650000096 [32m200 [90m1ms - 14b[0m
[90mPUT /story/52472b44774dd1e650000096 [32m200 [90m4ms - 2b[0m
[90mOPTIONS /story/52472b44774dd1e6500000a2 [32m200 [90m1ms - 14b[0m
[90mPUT /story/52472b44774dd1e6500000a2 [32m200 [90m3ms - 2b[0m
{ number: 1 }
1
[90mGET /provider/52472b44774dd1e650000001/museums/52472b44774dd1e650000002/exhibits/number/1 [32m200 [90m92ms - 99.12kb[0m
[90mGET /qr_code/52472b44774dd1e6500000b7 [36m304 [90m11ms[0m
[90mGET /qr_code/52472b44774dd1e6500001c8 [32m200 [90m11ms - 1.37kb[0m
{ number: 1 }
1
[90mGET /provider/52472b44774dd1e650000001/museums/52472b44774dd1e650000002/exhibits/number/1 [36m304 [90m103ms[0m
[90mGET /qr_code/52472b44774dd1e6500000b7 [36m304 [90m12ms[0m
[90mGET /qr_code/52472b44774dd1e65000014a [32m200 [90m11ms - 1.37kb[0m
[90mOPTIONS /story/52472b44774dd1e65000014a [32m200 [90m2ms - 14b[0m
[90mPUT /story/52472b44774dd1e65000014a [32m200 [90m3ms - 2b[0m
[90mOPTIONS /quiz/52472b44774dd1e65000014b [32m200 [90m3ms - 14b[0m
[90mPUT /quiz/52472b44774dd1e65000014b [32m200 [90m2ms - 2b[0m
[90mOPTIONS /quiz_answer/52472b44774dd1e65000014c [32m200 [90m4ms - 14b[0m
[90mOPTIONS /quiz_answer/52472b44774dd1e65000014d [32m200 [90m5ms - 14b[0m
[90mOPTIONS /quiz_answer/52472b44774dd1e65000014e [32m200 [90m4ms - 14b[0m
[90mOPTIONS /quiz_answer/52472b44774dd1e65000014f [32m200 [90m4ms - 14b[0m
[90mPUT /quiz_answer/52472b44774dd1e65000014c [32m200 [90m8ms - 2b[0m
[90mPUT /quiz_answer/52472b44774dd1e65000014f [32m200 [90m7ms - 2b[0m
[90mPUT /quiz_answer/52472b44774dd1e65000014e [32m200 [90m7ms - 2b[0m
[90mPUT /quiz_answer/52472b44774dd1e65000014d [32m200 [90m5ms - 2b[0m
{ number: 1 }
1
[90mGET /provider/52472b44774dd1e650000001/museums/52472b44774dd1e650000002/exhibits/number/1 [36m304 [90m113ms[0m
[90mGET /qr_code/52472b44774dd1e6500000b7 [36m304 [90m11ms[0m
[90mGET /qr_code/52472b44774dd1e65000014a [36m304 [90m12ms[0m
[90mOPTIONS /story/52472b44774dd1e65000014a [32m200 [90m2ms - 14b[0m
[90mPUT /story/52472b44774dd1e65000014a [32m200 [90m4ms - 2b[0m
[90mOPTIONS /quiz/52472b44774dd1e65000014b [32m200 [90m1ms - 14b[0m
[90mPUT /quiz/52472b44774dd1e65000014b [32m200 [90m2ms - 2b[0m
[90mOPTIONS /quiz_answer/52472b44774dd1e65000014c [32m200 [90m3ms - 14b[0m
[90mOPTIONS /quiz_answer/52472b44774dd1e65000014d [32m200 [90m3ms - 14b[0m
[90mOPTIONS /quiz_answer/52472b44774dd1e65000014e [32m200 [90m2ms - 14b[0m
[90mOPTIONS /quiz_answer/52472b44774dd1e65000014f [32m200 [90m2ms - 14b[0m
[90mPUT /quiz_answer/52472b44774dd1e65000014d [32m200 [90m5ms - 2b[0m
[90mPUT /quiz_answer/52472b44774dd1e65000014c [32m200 [90m5ms - 2b[0m
[90mPUT /quiz_answer/52472b44774dd1e65000014e [32m200 [90m4ms - 2b[0m
[90mPUT /quiz_answer/52472b44774dd1e65000014f [32m200 [90m4ms - 2b[0m
{ number: 1 }
1
[90mGET /provider/52472b44774dd1e650000001/museums/52472b44774dd1e650000002/exhibits/number/1 [36m304 [90m79ms[0m
[90mGET /qr_code/52472b44774dd1e6500000b7 [36m304 [90m12ms[0m
[90mGET /qr_code/52472b44774dd1e65000014a [36m304 [90m13ms[0m
[90mOPTIONS /story/52472b44774dd1e65000014a [32m200 [90m2ms - 14b[0m
[90mPUT /story/52472b44774dd1e65000014a [32m200 [90m2ms - 2b[0m
[90mOPTIONS /quiz/52472b44774dd1e65000014b [32m200 [90m9ms - 14b[0m
[90mPUT /quiz/52472b44774dd1e65000014b [32m200 [90m3ms - 2b[0m
[90mOPTIONS /quiz_answer/52472b44774dd1e65000014c [32m200 [90m3ms - 14b[0m
[90mOPTIONS /quiz_answer/52472b44774dd1e65000014d [32m200 [90m6ms - 14b[0m
[90mOPTIONS /quiz_answer/52472b44774dd1e65000014e [32m200 [90m4ms - 14b[0m
[90mOPTIONS /quiz_answer/52472b44774dd1e65000014f [32m200 [90m4ms - 14b[0m
[90mPUT /quiz_answer/52472b44774dd1e65000014c [32m200 [90m6ms - 2b[0m
[90mPUT /quiz_answer/52472b44774dd1e65000014f [32m200 [90m5ms - 2b[0m
[90mPUT /quiz_answer/52472b44774dd1e65000014e [32m200 [90m5ms - 2b[0m
[90mPUT /quiz_answer/52472b44774dd1e65000014d [32m200 [90m5ms - 2b[0m
{ number: 1 }
1
[90mGET /provider/52472b44774dd1e650000001/museums/52472b44774dd1e650000002/exhibits/number/1 [36m304 [90m99ms[0m
[90mGET /qr_code/52472b44774dd1e6500000b7 [36m304 [90m12ms[0m
[90mGET /qr_code/52472b44774dd1e65000014a [36m304 [90m12ms[0m
[90mOPTIONS /story/52472b44774dd1e65000014a [32m200 [90m2ms - 14b[0m
[90mPUT /story/52472b44774dd1e65000014a [32m200 [90m3ms - 2b[0m
[90mOPTIONS /quiz/52472b44774dd1e65000014b [32m200 [90m2ms - 14b[0m
[90mPUT /quiz/52472b44774dd1e65000014b [32m200 [90m3ms - 2b[0m
[90mOPTIONS /quiz_answer/52472b44774dd1e65000014c [32m200 [90m4ms - 14b[0m
[90mOPTIONS /quiz_answer/52472b44774dd1e65000014d [32m200 [90m3ms - 14b[0m
[90mOPTIONS /quiz_answer/52472b44774dd1e65000014e [32m200 [90m3ms - 14b[0m
[90mOPTIONS /quiz_answer/52472b44774dd1e65000014f [32m200 [90m2ms - 14b[0m
[90mPUT /quiz_answer/52472b44774dd1e65000014c [32m200 [90m8ms - 2b[0m
[90mPUT /quiz_answer/52472b44774dd1e65000014d [32m200 [90m7ms - 2b[0m
[90mPUT /quiz_answer/52472b44774dd1e65000014f [32m200 [90m5ms - 2b[0m
[90mPUT /quiz_answer/52472b44774dd1e65000014e [32m200 [90m6ms - 2b[0m
{ number: 1 }
1
[90mGET /provider/52472b44774dd1e650000001/museums/52472b44774dd1e650000002/exhibits/number/1 [36m304 [90m129ms[0m
[90mGET /qr_code/52472b44774dd1e6500000b7 [36m304 [90m11ms[0m
{ number: 1 }
1
[90mGET /provider/52472b44774dd1e650000001/museums/52472b44774dd1e650000002/exhibits/number/1 [36m304 [90m85ms[0m
[90mGET /qr_code/52472b44774dd1e6500000b7 [36m304 [90m11ms[0m
[90mGET /qr_code/52472b44774dd1e65000014a [36m304 [90m11ms[0m
[90mOPTIONS /story/52472b44774dd1e65000014a [32m200 [90m2ms - 14b[0m
[90mPUT /story/52472b44774dd1e65000014a [32m200 [90m4ms - 2b[0m
[90mOPTIONS /quiz/52472b44774dd1e65000014b [32m200 [90m1ms - 14b[0m
[90mPUT /quiz/52472b44774dd1e65000014b [32m200 [90m2ms - 2b[0m
[90mOPTIONS /quiz_answer/52472b44774dd1e65000014c [32m200 [90m3ms - 14b[0m
[90mOPTIONS /quiz_answer/52472b44774dd1e65000014d [32m200 [90m3ms - 14b[0m
[90mOPTIONS /quiz_answer/52472b44774dd1e65000014e [32m200 [90m2ms - 14b[0m
[90mOPTIONS /quiz_answer/52472b44774dd1e65000014f [32m200 [90m2ms - 14b[0m
[90mPUT /quiz_answer/52472b44774dd1e65000014c [32m200 [90m5ms - 2b[0m
[90mPUT /quiz_answer/52472b44774dd1e65000014d [32m200 [90m4ms - 2b[0m
[90mPUT /quiz_answer/52472b44774dd1e65000014f [32m200 [90m5ms - 2b[0m
[90mPUT /quiz_answer/52472b44774dd1e65000014e [32m200 [90m4ms - 2b[0m
[90mOPTIONS /story_set/52472b44774dd1e65000013b [32m200 [90m1ms - 14b[0m
[90mPUT /story_set/52472b44774dd1e65000013b [32m200 [90m6ms - 2b[0m
[90mPUT /story_set/52472b44774dd1e65000013b [32m200 [90m4ms - 2b[0m
[90mPUT /story_set/52472b44774dd1e65000013b [32m200 [90m3ms - 2b[0m
{ number: 1 }
1
[90mGET /provider/52472b44774dd1e650000001/museums/52472b44774dd1e650000002/exhibits/number/1 [36m304 [90m82ms[0m
[90mGET /qr_code/52472b44774dd1e6500000b7 [36m304 [90m10ms[0m
[90mGET /qr_code/52472b44774dd1e65000014a [36m304 [90m12ms[0m
[90mOPTIONS /story/52472b44774dd1e65000014a [32m200 [90m1ms - 14b[0m
[90mPUT /story/52472b44774dd1e65000014a [32m200 [90m3ms - 2b[0m
[90mPUT /story/52472b44774dd1e65000014a [32m200 [90m3ms - 2b[0m
{ number: 1 }
1
[90mGET /provider/52472b44774dd1e650000001/museums/52472b44774dd1e650000002/exhibits/number/1 [32m200 [90m92ms - 99.13kb[0m
[90mGET /qr_code/52472b44774dd1e6500000b7 [36m304 [90m11ms[0m
[90mGET /qr_code/52472b44774dd1e65000014a [36m304 [90m10ms[0m
[90mOPTIONS /story/52472b44774dd1e65000014a [32m200 [90m1ms - 14b[0m
[90mPUT /story/52472b44774dd1e65000014a [32m200 [90m3ms - 2b[0m
[90mOPTIONS /quiz/52472b44774dd1e65000014b [32m200 [90m1ms - 14b[0m
[90mPUT /quiz/52472b44774dd1e65000014b [32m200 [90m2ms - 2b[0m
[90mOPTIONS /quiz_answer/52472b44774dd1e65000014c [32m200 [90m4ms - 14b[0m
[90mOPTIONS /quiz_answer/52472b44774dd1e65000014d [32m200 [90m5ms - 14b[0m
[90mOPTIONS /quiz_answer/52472b44774dd1e65000014e [32m200 [90m4ms - 14b[0m
[90mOPTIONS /quiz_answer/52472b44774dd1e65000014f [32m200 [90m4ms - 14b[0m
[90mPUT /quiz_answer/52472b44774dd1e65000014d [32m200 [90m13ms - 2b[0m
[90mPUT /quiz_answer/52472b44774dd1e65000014c [32m200 [90m8ms - 2b[0m
[90mPUT /quiz_answer/52472b44774dd1e65000014f [32m200 [90m7ms - 2b[0m
[90mPUT /quiz_answer/52472b44774dd1e65000014e [32m200 [90m7ms - 2b[0m
[90mGET /qr_code/52472b44774dd1e650000189 [32m200 [90m11ms - 1.4kb[0m
[90mOPTIONS /story/52472b44774dd1e65000013e [32m200 [90m1ms - 14b[0m
[90mPUT /story/52472b44774dd1e65000013e [32m200 [90m3ms - 2b[0m
[90mOPTIONS /quiz/52472b44774dd1e65000013f [32m200 [90m1ms - 14b[0m
[90mPUT /quiz/52472b44774dd1e65000013f [32m200 [90m3ms - 2b[0m
[90mOPTIONS /quiz_answer/52472b44774dd1e650000140 [32m200 [90m3ms - 14b[0m
[90mOPTIONS /quiz_answer/52472b44774dd1e650000141 [32m200 [90m2ms - 14b[0m
[90mOPTIONS /quiz_answer/52472b44774dd1e650000142 [32m200 [90m2ms - 14b[0m
[90mOPTIONS /quiz_answer/52472b44774dd1e650000143 [32m200 [90m1ms - 14b[0m
[90mPUT /quiz_answer/52472b44774dd1e650000140 [32m200 [90m5ms - 2b[0m
[90mPUT /quiz_answer/52472b44774dd1e650000141 [32m200 [90m8ms - 2b[0m
[90mPUT /quiz_answer/52472b44774dd1e650000142 [32m200 [90m6ms - 2b[0m
[90mPUT /quiz_answer/52472b44774dd1e650000143 [32m200 [90m6ms - 2b[0m
[90mGET /qr_code/52472b44774dd1e650000144 [32m200 [90m14ms - 1.38kb[0m
[90mGET /qr_code/52472b44774dd1e65000013e [36m304 [90m13ms[0m
{ number: 1 }
1
[90mGET /provider/52472b44774dd1e650000001/museums/52472b44774dd1e650000002/exhibits/number/1 [32m200 [90m101ms - 98.73kb[0m
[90mGET /qr_code/52472b44774dd1e6500000ab [36m304 [90m10ms[0m
{ number: 1 }
1
[90mGET /provider/52472b44774dd1e650000001/museums/52472b44774dd1e650000002/exhibits/number/1 [36m304 [90m84ms[0m
[90mGET /qr_code/52472b44774dd1e6500000ab [36m304 [90m11ms[0m
[90mGET /qr_code/52472b44774dd1e65000013e [36m304 [90m11ms[0m
[90mOPTIONS /story/52472b44774dd1e65000013e [32m200 [90m2ms - 14b[0m
[90mPUT /story/52472b44774dd1e65000013e [32m200 [90m4ms - 2b[0m
[90mOPTIONS /story/52472b44774dd1e65000013e [32m200 [90m1ms - 14b[0m
[90mPUT /story/52472b44774dd1e65000013e [32m200 [90m2ms - 2b[0m
[90mOPTIONS /quiz/52472b44774dd1e65000013f [32m200 [90m1ms - 14b[0m
[90mPUT /quiz/52472b44774dd1e65000013f [32m200 [90m2ms - 2b[0m
[90mOPTIONS /quiz_answer/52472b44774dd1e650000140 [32m200 [90m2ms - 14b[0m
[90mOPTIONS /quiz_answer/52472b44774dd1e650000141 [32m200 [90m2ms - 14b[0m
[90mOPTIONS /quiz_answer/52472b44774dd1e650000142 [32m200 [90m2ms - 14b[0m
[90mOPTIONS /quiz_answer/52472b44774dd1e650000143 [32m200 [90m1ms - 14b[0m
[90mPUT /quiz_answer/52472b44774dd1e650000140 [32m200 [90m5ms - 2b[0m
[90mPUT /quiz_answer/52472b44774dd1e650000141 [32m200 [90m5ms - 2b[0m
[90mPUT /quiz_answer/52472b44774dd1e650000143 [32m200 [90m4ms - 2b[0m
[90mPUT /quiz_answer/52472b44774dd1e650000142 [32m200 [90m3ms - 2b[0m
[90mOPTIONS /story/52472b44774dd1e65000013e [32m200 [90m2ms - 14b[0m
[90mPUT /story/52472b44774dd1e65000013e [32m200 [90m3ms - 2b[0m
[90mOPTIONS /story/52472b44774dd1e65000013e [32m200 [90m1ms - 14b[0m
[90mPUT /story/52472b44774dd1e65000013e [32m200 [90m2ms - 2b[0m
{ number: 1 }
1
[90mGET /provider/52472b44774dd1e650000001/museums/52472b44774dd1e650000002/exhibits/number/1 [32m200 [90m98ms - 98.74kb[0m
[90mGET /qr_code/52472b44774dd1e6500000ab [36m304 [90m11ms[0m
[90mGET /qr_code/52472b44774dd1e65000013e [36m304 [90m13ms[0m
[90mOPTIONS /story/52472b44774dd1e65000013e [32m200 [90m2ms - 14b[0m
[90mPUT /story/52472b44774dd1e65000013e [32m200 [90m3ms - 2b[0m
{ number: 1 }
1
[90mGET /provider/52472b44774dd1e650000001/museums/52472b44774dd1e650000002/exhibits/number/1 [32m200 [90m119ms - 98.75kb[0m
[90mGET /qr_code/52472b44774dd1e6500000ab [36m304 [90m11ms[0m
[90mGET /qr_code/52472b44774dd1e65000013e [36m304 [90m11ms[0m
{ number: 1 }
1
[90mGET /provider/52472b44774dd1e650000001/museums/52472b44774dd1e650000002/exhibits/number/1 [36m304 [90m92ms[0m
[90mGET /qr_code/52472b44774dd1e6500000ab [36m304 [90m11ms[0m
[90mGET /qr_code/52472b44774dd1e65000013e [36m304 [90m11ms[0m
{ number: 1 }
1
[90mGET /provider/52472b44774dd1e650000001/museums/52472b44774dd1e650000002/exhibits/number/1 [36m304 [90m83ms[0m
[90mGET /qr_code/52472b44774dd1e6500000ab [36m304 [90m11ms[0m
{ number: 1 }
1
[90mGET /provider/52472b44774dd1e650000001/museums/52472b44774dd1e650000002/exhibits/number/1 [36m304 [90m109ms[0m
[90mGET /qr_code/52472b44774dd1e6500000ab [36m304 [90m16ms[0m
{ number: 1 }
1
[90mGET /provider/52472b44774dd1e650000001/museums/52472b44774dd1e650000002/exhibits/number/1 [36m304 [90m85ms[0m
[90mGET /qr_code/52472b44774dd1e6500000ab [36m304 [90m11ms[0m
[90mGET /qr_code/52472b44774dd1e65000013e [36m304 [90m11ms[0m
[90mOPTIONS /story/52472b44774dd1e65000013e [32m200 [90m2ms - 14b[0m
[90mPUT /story/52472b44774dd1e65000013e [32m200 [90m4ms - 2b[0m
[90mOPTIONS /quiz/52472b44774dd1e65000013f [32m200 [90m1ms - 14b[0m
[90mPUT /quiz/52472b44774dd1e65000013f [32m200 [90m2ms - 2b[0m
[90mOPTIONS /quiz_answer/52472b44774dd1e650000140 [32m200 [90m3ms - 14b[0m
[90mOPTIONS /quiz_answer/52472b44774dd1e650000142 [32m200 [90m1ms - 14b[0m
[90mOPTIONS /quiz_answer/52472b44774dd1e650000141 [32m200 [90m2ms - 14b[0m
[90mOPTIONS /quiz_answer/52472b44774dd1e650000143 [32m200 [90m2ms - 14b[0m
[90mPUT /quiz_answer/52472b44774dd1e650000140 [32m200 [90m4ms - 2b[0m
[90mPUT /quiz_answer/52472b44774dd1e650000142 [32m200 [90m5ms - 2b[0m
[90mPUT /quiz_answer/52472b44774dd1e650000141 [32m200 [90m5ms - 2b[0m
[90mPUT /quiz_answer/52472b44774dd1e650000143 [32m200 [90m4ms - 2b[0m
[90mPUT /story/52472b44774dd1e65000013e [32m200 [90m2ms - 2b[0m
[90mOPTIONS /story/52472b44774dd1e65000013e [32m200 [90m1ms - 14b[0m
[90mPUT /story/52472b44774dd1e65000013e [32m200 [90m3ms - 2b[0m
{ number: 1 }
1
[90mGET /provider/52472b44774dd1e650000001/museums/52472b44774dd1e650000002/exhibits/number/1 [32m200 [90m78ms - 98.74kb[0m
[90mGET /qr_code/52472b44774dd1e6500000ab [36m304 [90m11ms[0m
{ number: 1 }
1
[90mGET /provider/52472b44774dd1e650000001/museums/52472b44774dd1e650000002/exhibits/number/1 [36m304 [90m83ms[0m
[90mGET /qr_code/52472b44774dd1e6500000ab [36m304 [90m12ms[0m
[90mOPTIONS /story_set/52472b44774dd1e6500000a8 [32m200 [90m1ms - 14b[0m
[90mPUT /story_set/52472b44774dd1e6500000a8 [32m200 [90m2ms - 2b[0m
[90mOPTIONS /story/52472b44774dd1e6500000ab [32m200 [90m1ms - 14b[0m
[90mPUT /story/52472b44774dd1e6500000ab [32m200 [90m2ms - 2b[0m
[90mOPTIONS /story/52472b44774dd1e6500000ab [32m200 [90m1ms - 14b[0m
[90mPUT /story/52472b44774dd1e6500000ab [32m200 [90m2ms - 2b[0m
[90mGET /qr_code/undefined [36m304 [90m6ms[0m
[90mOPTIONS /story_set/ [32m200 [90m1ms - 4b[0m
Saved exhibit 5247f7e890a9c36561000001
[90mPOST /story_set/ [32m200 [90m35ms - 225b[0m
[90mOPTIONS /media/ [32m200 [90m2ms - 8b[0m
[90mOPTIONS /story/ [32m200 [90m3ms - 8b[0m
Saved media 5247f7e990a9c36561000002
Saved story 5247f7e990a9c36561000003
[90mPOST /media/ [32m200 [90m5ms - 310b[0m
[90mPOST /story/ [32m200 [90m3ms - 263b[0m
Saved story 5247f7e990a9c36561000004
Saved story 5247f7e990a9c36561000005
[90mPOST /story/ [32m200 [90m5ms - 262b[0m
[90mPOST /story/ [32m200 [90m3ms - 262b[0m
[90mOPTIONS /quiz/ [32m200 [90m6ms - 4b[0m
Saved quiz 5247f7e990a9c36561000006
Saved quiz 5247f7e990a9c36561000007
Saved quiz 5247f7e990a9c36561000008
[90mPOST /quiz/ [32m200 [90m8ms - 116b[0m
[90mPOST /quiz/ [32m200 [90m5ms - 115b[0m
[90mPOST /quiz/ [32m200 [90m4ms - 116b[0m
[90mOPTIONS /quiz_answer/ [32m200 [90m1ms - 4b[0m
Saved quiz_answer 5247f7e990a9c36561000009
Saved quiz_answer 5247f7e990a9c3656100000a
Saved quiz_answer 5247f7e990a9c3656100000b
[90mPOST /quiz_answer/ [32m200 [90m9ms - 97b[0m
Saved quiz_answer 5247f7e990a9c3656100000c
[90mPOST /quiz_answer/ [32m200 [90m9ms - 97b[0m
[90mPOST /quiz_answer/ [32m200 [90m7ms - 97b[0m
Saved quiz_answer 5247f7e990a9c3656100000d
[90mPOST /quiz_answer/ [32m200 [90m6ms - 97b[0m
Saved quiz_answer 5247f7e990a9c3656100000e
Saved quiz_answer 5247f7e990a9c3656100000f
Saved quiz_answer 5247f7e990a9c36561000010
Saved quiz_answer 5247f7e990a9c36561000011
[90mPOST /quiz_answer/ [32m200 [90m12ms - 97b[0m
Saved quiz_answer 5247f7e990a9c36561000012
[90mPOST /quiz_answer/ [32m200 [90m11ms - 97b[0m
[90mPOST /quiz_answer/ [32m200 [90m10ms - 97b[0m
[90mPOST /quiz_answer/ [32m200 [90m3ms - 97b[0m
[90mPOST /quiz_answer/ [32m200 [90m9ms - 97b[0m
[90mPOST /quiz_answer/ [32m200 [90m6ms - 97b[0m
Saved quiz_answer 5247f7e990a9c36561000013
Saved quiz_answer 5247f7e990a9c36561000014
[90mPOST /quiz_answer/ [32m200 [90m5ms - 97b[0m
[90mPOST /quiz_answer/ [32m200 [90m5ms - 97b[0m
[90mOPTIONS /story/5247f7e990a9c36561000003 [32m200 [90m2ms - 14b[0m
[90mPUT /story/5247f7e990a9c36561000003 [32m200 [90m3ms - 2b[0m
{ number: 1 }
1
[90mGET /provider/52472b44774dd1e650000001/museums/52472b44774dd1e650000002/exhibits/number/1 [32m200 [90m114ms - 101.83kb[0m
[90mGET /qr_code/52472b44774dd1e6500000ab [36m304 [90m12ms[0m
{ number: 1 }
1
[90mGET /provider/52472b44774dd1e650000001/museums/52472b44774dd1e650000002/exhibits/number/1 [36m304 [90m114ms[0m
[90mGET /qr_code/52472b44774dd1e6500000ab [36m304 [90m10ms[0m
[90mGET /qr_code/5247f7e990a9c36561000003 [32m200 [90m11ms - 1.37kb[0m
{ number: 1 }
1
[90mGET /provider/52472b44774dd1e650000001/museums/52472b44774dd1e650000002/exhibits/number/1 [36m304 [90m79ms[0m
[90mGET /qr_code/52472b44774dd1e6500000ab [36m304 [90m13ms[0m
{ number: 1 }
1
[90mGET /provider/52472b44774dd1e650000001/museums/52472b44774dd1e650000002/exhibits/number/1 [36m304 [90m108ms[0m
[90mGET /qr_code/52472b44774dd1e6500000ab [36m304 [90m10ms[0m
[90mGET /qr_code/5247f7e990a9c36561000003 [36m304 [90m11ms[0m
[90mOPTIONS /story_set/5247f7e890a9c36561000001 [32m200 [90m2ms - 14b[0m
[90mGET /qr_code/undefined [36m304 [90m6ms[0m
[90mPUT /story_set/5247f7e890a9c36561000001 [32m200 [90m3ms - 2b[0m
[90mOPTIONS /story_set/ [32m200 [90m1ms - 4b[0m
Saved exhibit 5247f89990a9c36561000015
[90mPOST /story_set/ [32m200 [90m3ms - 225b[0m
[90mOPTIONS /media/ [32m200 [90m3ms - 8b[0m
[90mOPTIONS /story/ [32m200 [90m2ms - 8b[0m
Saved media 5247f89a90a9c36561000016
Saved story 5247f89a90a9c36561000017
[90mPOST /media/ [32m200 [90m8ms - 310b[0m
[90mPOST /story/ [32m200 [90m5ms - 262b[0m
Saved story 5247f89a90a9c36561000018
Saved story 5247f89a90a9c36561000019
[90mPOST /story/ [32m200 [90m4ms - 263b[0m
[90mPOST /story/ [32m200 [90m2ms - 262b[0m
[90mOPTIONS /quiz/ [32m200 [90m1ms - 4b[0m
Saved quiz 5247f89a90a9c3656100001a
Saved quiz 5247f89a90a9c3656100001b
[90mPOST /quiz/ [32m200 [90m4ms - 116b[0m
Saved quiz 5247f89a90a9c3656100001c
[90mPOST /quiz/ [32m200 [90m5ms - 115b[0m
[90mPOST /quiz/ [32m200 [90m2ms - 116b[0m
[90mOPTIONS /quiz_answer/ [32m200 [90m1ms - 4b[0m
Saved quiz_answer 5247f89a90a9c3656100001d
Saved quiz_answer 5247f89a90a9c3656100001e
[90mPOST /quiz_answer/ [32m200 [90m5ms - 97b[0m
Saved quiz_answer 5247f89a90a9c3656100001f
Saved quiz_answer 5247f89a90a9c36561000020
[90mPOST /quiz_answer/ [32m200 [90m7ms - 97b[0m
[90mPOST /quiz_answer/ [32m200 [90m4ms - 97b[0m
Saved quiz_answer 5247f89a90a9c36561000021
[90mPOST /quiz_answer/ [32m200 [90m5ms - 97b[0m
[90mPOST /quiz_answer/ [32m200 [90m2ms - 97b[0m
Saved quiz_answer 5247f89a90a9c36561000022
Saved quiz_answer 5247f89a90a9c36561000023
[90mPOST /quiz_answer/ [32m200 [90m2ms - 97b[0m
[90mPOST /quiz_answer/ [32m200 [90m2ms - 97b[0m
Saved quiz_answer 5247f89a90a9c36561000024
Saved quiz_answer 5247f89a90a9c36561000025
Saved quiz_answer 5247f89a90a9c36561000026
Saved quiz_answer 5247f89a90a9c36561000027
Saved quiz_answer 5247f89a90a9c36561000028
[90mPOST /quiz_answer/ [32m200 [90m6ms - 97b[0m
[90mPOST /quiz_answer/ [32m200 [90m6ms - 97b[0m
[90mPOST /quiz_answer/ [32m200 [90m4ms - 97b[0m
[90mPOST /quiz_answer/ [32m200 [90m4ms - 97b[0m
[90mPOST /quiz_answer/ [32m200 [90m3ms - 97b[0m
[90mOPTIONS /story/5247f89a90a9c36561000018 [32m200 [90m1ms - 14b[0m
[90mPUT /story/5247f89a90a9c36561000018 [32m200 [90m3ms - 2b[0m
[90mPUT /story/5247f89a90a9c36561000018 [32m200 [90m4ms - 2b[0m
[90mPUT /story/5247f89a90a9c36561000018 [32m200 [90m3ms - 2b[0m
{ number: 1 }
1
[90mGET /provider/52472b44774dd1e650000001/museums/52472b44774dd1e650000002/exhibits/number/1 [32m200 [90m95ms - 104.92kb[0m
[90mGET /qr_code/52472b44774dd1e6500000ab [36m304 [90m13ms[0m
[90mGET /qr_code/52472b44774dd1e6500000ff [36m304 [90m11ms[0m
[90mOPTIONS /quiz/52472b44774dd1e650000100 [32m200 [90m1ms - 14b[0m
[90mPUT /quiz/52472b44774dd1e650000100 [32m200 [90m3ms - 2b[0m
[90mGET /qr_code/5247f7e990a9c36561000003 [36m304 [90m11ms[0m
[90mOPTIONS /story_set/5247f7e890a9c36561000001/ [32m200 [90m2ms - 14b[0m
5247f7e890a9c36561000001
Deleted exhibit 5247f7e890a9c36561000001
Deleted media_item 5247f7e990a9c36561000002
Deleted story 5247f7e990a9c36561000004
Deleted quiz 5247f7e990a9c36561000008
Deleted story 5247f7e990a9c36561000003
Deleted quiz 5247f7e990a9c36561000006
Deleted story 5247f7e990a9c36561000005
Deleted quiz 5247f7e990a9c36561000007
Deleted answer 5247f7e990a9c3656100000f
Deleted answer 5247f7e990a9c36561000010
Deleted answer 5247f7e990a9c36561000014
Deleted answer 5247f7e990a9c3656100000a
Deleted answer 5247f7e990a9c3656100000d
Deleted answer 5247f7e990a9c3656100000b
Deleted answer 5247f7e990a9c36561000013
Deleted answer 5247f7e990a9c3656100000e
Deleted answer 5247f7e990a9c36561000011
Deleted answer 5247f7e990a9c36561000009
Deleted answer 5247f7e990a9c36561000012
Deleted answer 5247f7e990a9c3656100000c
[90mDELETE /story_set/5247f7e890a9c36561000001/ [32m200 [90m21ms - 7b[0m
[90mGET /qr_code/5247f89a90a9c36561000018 [32m200 [90m11ms - 1.36kb[0m
[90mOPTIONS /story_set/5247f89990a9c36561000015/ [32m200 [90m1ms - 14b[0m
5247f89990a9c36561000015
Deleted exhibit 5247f89990a9c36561000015
Deleted media_item 5247f89a90a9c36561000016
Deleted story 5247f89a90a9c36561000018
Deleted quiz 5247f89a90a9c3656100001c
Deleted story 5247f89a90a9c36561000017
Deleted quiz 5247f89a90a9c3656100001b
Deleted story 5247f89a90a9c36561000019
Deleted quiz 5247f89a90a9c3656100001a
Deleted answer 5247f89a90a9c36561000021
Deleted answer 5247f89a90a9c36561000023
Deleted answer 5247f89a90a9c36561000028
Deleted answer 5247f89a90a9c36561000020
Deleted answer 5247f89a90a9c3656100001e
Deleted answer 5247f89a90a9c36561000024
Deleted answer 5247f89a90a9c36561000025
Deleted answer 5247f89a90a9c36561000022
Deleted answer 5247f89a90a9c36561000026
Deleted answer 5247f89a90a9c3656100001d
Deleted answer 5247f89a90a9c36561000027
Deleted answer 5247f89a90a9c3656100001f
[90mDELETE /story_set/5247f89990a9c36561000015/ [32m200 [90m19ms - 7b[0m
{ number: 1 }
1
[90mGET /provider/52472b44774dd1e650000001/museums/52472b44774dd1e650000002/exhibits/number/1 [32m200 [90m87ms - 98.75kb[0m
[90mGET /qr_code/52472b44774dd1e6500000ab [36m304 [90m12ms[0m
[90mOPTIONS /story_set/52472b44774dd1e6500000a8 [32m200 [90m2ms - 14b[0m
[90mGET /qr_code/undefined [36m304 [90m7ms[0m
[90mPUT /story_set/52472b44774dd1e6500000a8 [32m200 [90m3ms - 2b[0m
[90mOPTIONS /story_set/ [32m200 [90m1ms - 4b[0m
Saved exhibit 5247fafb90a9c36561000029
[90mPOST /story_set/ [32m200 [90m2ms - 225b[0m
[90mOPTIONS /media/ [32m200 [90m2ms - 8b[0m
[90mOPTIONS /story/ [32m200 [90m1ms - 8b[0m
Saved media 5247fafb90a9c3656100002a
Saved story 5247fafb90a9c3656100002b
[90mPOST /media/ [32m200 [90m6ms - 310b[0m
[90mPOST /story/ [32m200 [90m3ms - 262b[0m
Saved story 5247fafb90a9c3656100002c
[90mPOST /story/ [32m200 [90m2ms - 262b[0m
Saved story 5247fafb90a9c3656100002d
[90mPOST /story/ [32m200 [90m3ms - 263b[0m
[90mOPTIONS /quiz/ [32m200 [90m1ms - 4b[0m
Saved quiz 5247fafc90a9c3656100002e
Saved quiz 5247fafc90a9c3656100002f
Saved quiz 5247fafc90a9c36561000030
[90mPOST /quiz/ [32m200 [90m28ms - 116b[0m
[90mPOST /quiz/ [32m200 [90m25ms - 116b[0m
[90mPOST /quiz/ [32m200 [90m23ms - 115b[0m
[90mOPTIONS /quiz_answer/ [32m200 [90m1ms - 4b[0m
Saved quiz_answer 5247fafc90a9c36561000031
Saved quiz_answer 5247fafc90a9c36561000032
[90mPOST /quiz_answer/ [32m200 [90m6ms - 97b[0m
Saved quiz_answer 5247fafc90a9c36561000033
Saved quiz_answer 5247fafc90a9c36561000034
[90mPOST /quiz_answer/ [32m200 [90m10ms - 97b[0m
Saved quiz_answer 5247fafc90a9c36561000035
[90mPOST /quiz_answer/ [32m200 [90m7ms - 97b[0m
[90mPOST /quiz_answer/ [32m200 [90m6ms - 97b[0m
Saved quiz_answer 5247fafc90a9c36561000036
[90mPOST /quiz_answer/ [32m200 [90m6ms - 97b[0m
Saved quiz_answer 5247fafc90a9c36561000037
Saved quiz_answer 5247fafc90a9c36561000038
Saved quiz_answer 5247fafc90a9c36561000039
Saved quiz_answer 5247fafc90a9c3656100003a
[90mPOST /quiz_answer/ [32m200 [90m7ms - 97b[0m
[90mPOST /quiz_answer/ [32m200 [90m6ms - 97b[0m
Saved quiz_answer 5247fafc90a9c3656100003b
[90mPOST /quiz_answer/ [32m200 [90m6ms - 97b[0m
[90mPOST /quiz_answer/ [32m200 [90m2ms - 97b[0m
[90mPOST /quiz_answer/ [32m200 [90m6ms - 97b[0m
[90mPOST /quiz_answer/ [32m200 [90m5ms - 97b[0m
Saved quiz_answer 5247fafc90a9c3656100003c
[90mPOST /quiz_answer/ [32m200 [90m1ms - 97b[0m
[90mOPTIONS /story/5247fafb90a9c3656100002d [32m200 [90m2ms - 14b[0m
[90mPUT /story/5247fafb90a9c3656100002d [32m200 [90m3ms - 2b[0m
[90mOPTIONS /story_set/undefined/ [32m200 [90m1ms - 14b[0m
undefined
{ message: 'Cast to ObjectId failed for value "undefined" at path "_id"',
  name: 'CastError',
  type: 'ObjectId',
  value: 'undefined',
  path: '_id' }
{ number: 1 }
1
[90mGET /provider/52472b44774dd1e650000001/museums/52472b44774dd1e650000002/exhibits/number/1 [32m200 [90m99ms - 101.85kb[0m
[90mGET /qr_code/52472b44774dd1e6500000ab [36m304 [90m12ms[0m
{ number: 1 }
1
[90mGET /provider/52472b44774dd1e650000001/museums/52472b44774dd1e650000002/exhibits/number/1 [36m304 [90m112ms[0m
[90mGET /qr_code/52472b44774dd1e6500000ab [36m304 [90m11ms[0m
{ number: 1 }
1
[90mGET /provider/52472b44774dd1e650000001/museums/52472b44774dd1e650000002/exhibits/number/1 [36m304 [90m124ms[0m
[90mGET /qr_code/52472b44774dd1e6500000ab [36m304 [90m16ms[0m
[90mOPTIONS /story_set/52472b44774dd1e6500000a8 [32m200 [90m2ms - 14b[0m
[90mGET /qr_code/undefined [36m304 [90m7ms[0m
[90mPUT /story_set/52472b44774dd1e6500000a8 [32m200 [90m3ms - 2b[0m
[90mOPTIONS /story/undefined [32m200 [90m1ms - 14b[0m
{ message: 'Cast to ObjectId failed for value "undefined" at path "_id"',
  name: 'CastError',
  type: 'ObjectId',
  value: 'undefined',
  path: '_id' }
{ number: 1 }
1
[90mGET /provider/52472b44774dd1e650000001/museums/52472b44774dd1e650000002/exhibits/number/1 [36m304 [90m81ms[0m
[90mGET /qr_code/52472b44774dd1e6500000ab [36m304 [90m12ms[0m
[90mGET /qr_code/52472b44774dd1e6500000ff [36m304 [90m10ms[0m
[90mGET /qr_code/5247fafb90a9c3656100002d [32m200 [90m11ms - 1.4kb[0m
[90mOPTIONS /story_set/5247fafb90a9c36561000029 [32m200 [90m1ms - 14b[0m
[90mGET /qr_code/undefined [36m304 [90m7ms[0m
[90mPUT /story_set/5247fafb90a9c36561000029 [32m200 [90m3ms - 2b[0m
[90mOPTIONS /story/undefined [32m200 [90m1ms - 14b[0m
{ message: 'Cast to ObjectId failed for value "undefined" at path "_id"',
  name: 'CastError',
  type: 'ObjectId',
  value: 'undefined',
  path: '_id' }
{ message: 'Cast to ObjectId failed for value "undefined" at path "_id"',
  name: 'CastError',
  type: 'ObjectId',
  value: 'undefined',
  path: '_id' }
{ message: 'Cast to ObjectId failed for value "undefined" at path "_id"',
  name: 'CastError',
  type: 'ObjectId',
  value: 'undefined',
  path: '_id' }
{ message: 'Cast to ObjectId failed for value "undefined" at path "_id"',
  name: 'CastError',
  type: 'ObjectId',
  value: 'undefined',
  path: '_id' }
{ number: 1 }
1
[90mGET /provider/52472b44774dd1e650000001/museums/52472b44774dd1e650000002/exhibits/number/1 [32m200 [90m83ms - 101.85kb[0m
[90mGET /qr_code/52472b44774dd1e6500000ab [36m304 [90m12ms[0m
[90mOPTIONS /story_set/52472b44774dd1e6500000a8 [32m200 [90m2ms - 14b[0m
[90mGET /qr_code/undefined [36m304 [90m7ms[0m
[90mPUT /story_set/52472b44774dd1e6500000a8 [32m200 [90m2ms - 2b[0m
{ number: 1 }
1
[90mGET /provider/52472b44774dd1e650000001/museums/52472b44774dd1e650000002/exhibits/number/1 [36m304 [90m104ms[0m
[90mGET /qr_code/52472b44774dd1e6500000ab [36m304 [90m11ms[0m
[90mOPTIONS /story_set/52472b44774dd1e6500000a8 [32m200 [90m2ms - 14b[0m
[90mGET /qr_code/undefined [36m304 [90m11ms[0m
[90mPUT /story_set/52472b44774dd1e6500000a8 [32m200 [90m2ms - 2b[0m
{ number: 1 }
1
[90mGET /provider/52472b44774dd1e650000001/museums/52472b44774dd1e650000002/exhibits/number/1 [36m304 [90m86ms[0m
[90mGET /qr_code/52472b44774dd1e6500000ab [36m304 [90m10ms[0m
[90mOPTIONS /story_set/52472b44774dd1e6500000a8 [32m200 [90m1ms - 14b[0m
[90mGET /qr_code/undefined [36m304 [90m7ms[0m
[90mPUT /story_set/52472b44774dd1e6500000a8 [32m200 [90m2ms - 2b[0m
[90mOPTIONS /story/undefined [32m200 [90m1ms - 14b[0m
{ message: 'Cast to ObjectId failed for value "undefined" at path "_id"',
  name: 'CastError',
  type: 'ObjectId',
  value: 'undefined',
  path: '_id' }
{ number: 1 }
1
[90mGET /provider/52472b44774dd1e650000001/museums/52472b44774dd1e650000002/exhibits/number/1 [36m304 [90m78ms[0m
[90mGET /qr_code/52472b44774dd1e6500000ab [36m304 [90m10ms[0m
[90mOPTIONS /story_set/52472b44774dd1e6500000a8 [32m200 [90m1ms - 14b[0m
[90mGET /qr_code/undefined [36m304 [90m7ms[0m
[90mPUT /story_set/52472b44774dd1e6500000a8 [32m200 [90m3ms - 2b[0m
[90mOPTIONS /story/undefined [32m200 [90m2ms - 14b[0m
{ message: 'Cast to ObjectId failed for value "undefined" at path "_id"',
  name: 'CastError',
  type: 'ObjectId',
  value: 'undefined',
  path: '_id' }
{ number: 1 }
1
[90mGET /provider/52472b44774dd1e650000001/museums/52472b44774dd1e650000002/exhibits/number/1 [36m304 [90m118ms[0m
[90mGET /qr_code/52472b44774dd1e6500000ab [36m304 [90m10ms[0m
[90mOPTIONS /story_set/52472b44774dd1e6500000a8 [32m200 [90m2ms - 14b[0m
[90mGET /qr_code/undefined [36m304 [90m6ms[0m
[90mPUT /story_set/52472b44774dd1e6500000a8 [32m200 [90m2ms - 2b[0m
[90mOPTIONS /story_set/ [32m200 [90m1ms - 4b[0m
Saved exhibit 5247fcf690a9c3656100003d
[90mPOST /story_set/ [32m200 [90m4ms - 225b[0m
[90mOPTIONS /media/ [32m200 [90m1ms - 8b[0m
[90mOPTIONS /story/ [32m200 [90m1ms - 8b[0m
Saved media 5247fcf690a9c3656100003e
Saved story 5247fcf690a9c3656100003f
[90mPOST /media/ [32m200 [90m5ms - 310b[0m
[90mPOST /story/ [32m200 [90m3ms - 262b[0m
Saved story 5247fcf690a9c36561000040
Saved story 5247fcf690a9c36561000041
[90mPOST /story/ [32m200 [90m6ms - 275b[0m
[90mPOST /story/ [32m200 [90m4ms - 262b[0m
[90mOPTIONS /quiz/ [32m200 [90m1ms - 4b[0m
Saved quiz 5247fcf690a9c36561000042
Saved quiz 5247fcf690a9c36561000043
Saved quiz 5247fcf690a9c36561000044
[90mPOST /quiz/ [32m200 [90m7ms - 116b[0m
[90mPOST /quiz/ [32m200 [90m4ms - 115b[0m
[90mPOST /quiz/ [32m200 [90m3ms - 116b[0m
[90mOPTIONS /quiz_answer/ [32m200 [90m2ms - 4b[0m
Saved quiz_answer 5247fcf790a9c36561000045
Saved quiz_answer 5247fcf790a9c36561000046
Saved quiz_answer 5247fcf790a9c36561000047
[90mPOST /quiz_answer/ [32m200 [90m10ms - 97b[0m
Saved quiz_answer 5247fcf790a9c36561000048
[90mPOST /quiz_answer/ [32m200 [90m12ms - 97b[0m
[90mPOST /quiz_answer/ [32m200 [90m8ms - 97b[0m
Saved quiz_answer 5247fcf790a9c36561000049
[90mPOST /quiz_answer/ [32m200 [90m10ms - 97b[0m
[90mPOST /quiz_answer/ [32m200 [90m5ms - 97b[0m
Saved quiz_answer 5247fcf790a9c3656100004a
Saved quiz_answer 5247fcf790a9c3656100004b
Saved quiz_answer 5247fcf790a9c3656100004c
Saved quiz_answer 5247fcf790a9c3656100004d
Saved quiz_answer 5247fcf790a9c3656100004e
Saved quiz_answer 5247fcf790a9c3656100004f
[90mPOST /quiz_answer/ [32m200 [90m19ms - 97b[0m
[90mPOST /quiz_answer/ [32m200 [90m3ms - 97b[0m
[90mPOST /quiz_answer/ [32m200 [90m11ms - 97b[0m
[90mPOST /quiz_answer/ [32m200 [90m10ms - 97b[0m
[90mPOST /quiz_answer/ [32m200 [90m8ms - 97b[0m
[90mPOST /quiz_answer/ [32m200 [90m8ms - 97b[0m
Saved quiz_answer 5247fcf790a9c36561000050
[90mPOST /quiz_answer/ [32m200 [90m2ms - 97b[0m
{ number: 1 }
1
[90mGET /provider/52472b44774dd1e650000001/museums/52472b44774dd1e650000002/exhibits/number/1 [32m200 [90m122ms - 104.95kb[0m
[90mGET /qr_code/52472b44774dd1e6500000ab [36m304 [90m11ms[0m
{ number: 1 }
1
[90mGET /provider/52472b44774dd1e650000001/museums/52472b44774dd1e650000002/exhibits/number/1 [36m304 [90m123ms[0m
[90mGET /qr_code/52472b44774dd1e6500000ab [36m304 [90m13ms[0m
[90mGET /qr_code/5247c540dd94c8665d000003 [36m304 [90m18ms[0m
[90mOPTIONS /story/5247c540dd94c8665d000003 [32m200 [90m1ms - 14b[0m
[90mPUT /story/5247c540dd94c8665d000003 [32m200 [90m3ms - 2b[0m
{ number: 1 }
1
[90mGET /provider/52472b44774dd1e650000001/museums/52472b44774dd1e650000002/exhibits/number/1 [32m200 [90m126ms - 104.95kb[0m
[90mGET /qr_code/52472b44774dd1e6500000ab [36m304 [90m14ms[0m
{ number: 1 }
1
[90mGET /provider/52472b44774dd1e650000001/museums/52472b44774dd1e650000002/exhibits/number/1 [36m304 [90m99ms[0m
[90mGET /qr_code/52472b44774dd1e6500000ab [36m304 [90m13ms[0m
{ number: 1 }
1
[90mGET /provider/52472b44774dd1e650000001/museums/52472b44774dd1e650000002/exhibits/number/1 [32m200 [90m84ms - 104.95kb[0m
[90mGET /qr_code/52472b44774dd1e6500000ab [36m304 [90m11ms[0m
[90mGET /qr_code/5247c540dd94c8665d000003 [36m304 [90m11ms[0m
[90mGET /qr_code/5247fafb90a9c3656100002d [36m304 [90m11ms[0m
[90mGET /qr_code/5247fcf690a9c36561000040 [32m200 [90m10ms - 1.4kb[0m
[90mGET /qr_code/52472b44774dd1e650000081 [36m304 [90m10ms[0m
{ number: 1 }
1
[90mGET /provider/52472b44774dd1e650000001/museums/52472b44774dd1e650000002/exhibits/number/1 [32m200 [90m109ms - 104.95kb[0m
[90mGET /qr_code/52472b44774dd1e6500000ab [36m304 [90m11ms[0m
[90mGET /qr_code/5247fafb90a9c3656100002d [36m304 [90m10ms[0m
[90mGET /qr_code/52472b44774dd1e650000081 [36m304 [90m10ms[0m
[90mOPTIONS /story/5247fafb90a9c3656100002d [32m200 [90m2ms - 14b[0m
[90mPUT /story/5247fafb90a9c3656100002d [32m200 [90m4ms - 2b[0m
{ number: 1 }
1
[90mGET /provider/52472b44774dd1e650000001/museums/52472b44774dd1e650000002/exhibits/number/1 [32m200 [90m92ms - 104.96kb[0m
[90mGET /qr_code/52472b44774dd1e6500000ab [36m304 [90m12ms[0m
[90mGET /qr_code/5247fafb90a9c3656100002d [36m304 [90m11ms[0m
[90mGET /qr_code/52472b44774dd1e650000081 [36m304 [90m11ms[0m
[90mOPTIONS /story/5247fafb90a9c3656100002d [32m200 [90m1ms - 14b[0m
[90mPUT /story/5247fafb90a9c3656100002d [32m200 [90m2ms - 2b[0m
[90mPUT /story/5247fafb90a9c3656100002d [32m200 [90m3ms - 2b[0m
[90mPUT /story/5247fafb90a9c3656100002d [32m200 [90m2ms - 2b[0m
[90mPUT /story/5247fafb90a9c3656100002d [32m200 [90m2ms - 2b[0m
[90mOPTIONS /story/5247fafb90a9c3656100002d [32m200 [90m2ms - 14b[0m
[90mPUT /story/5247fafb90a9c3656100002d [32m200 [90m2ms - 2b[0m
{ number: 1 }
1
[90mGET /provider/52472b44774dd1e650000001/museums/52472b44774dd1e650000002/exhibits/number/1 [32m200 [90m99ms - 104.96kb[0m
[90mGET /qr_code/52472b44774dd1e6500000ab [36m304 [90m10ms[0m
[90mGET /qr_code/5247fafb90a9c3656100002d [36m304 [90m11ms[0m
[90mOPTIONS /story/5247fafb90a9c3656100002d [32m200 [90m2ms - 14b[0m
[90mPUT /story/5247fafb90a9c3656100002d [32m200 [90m2ms - 2b[0m
[90mPUT /story/5247fafb90a9c3656100002d [32m200 [90m2ms - 2b[0m
{ number: 1 }
1
[90mGET /provider/52472b44774dd1e650000001/museums/52472b44774dd1e650000002/exhibits/number/1 [32m200 [90m86ms - 104.96kb[0m
[90mGET /qr_code/52472b44774dd1e6500000ab [36m304 [90m10ms[0m
[90mGET /qr_code/5247fafb90a9c3656100002d [36m304 [90m11ms[0m
[90mOPTIONS /story/5247fafb90a9c3656100002d [32m200 [90m1ms - 14b[0m
[90mPUT /story/5247fafb90a9c3656100002d [32m200 [90m2ms - 2b[0m
[90mPUT /story/5247fafb90a9c3656100002d [32m200 [90m2ms - 2b[0m
[90mPUT /story/5247fafb90a9c3656100002d [32m200 [90m3ms - 2b[0m
[90mOPTIONS /story/5247fafb90a9c3656100002d [32m200 [90m2ms - 14b[0m
[90mPUT /story/5247fafb90a9c3656100002d [32m200 [90m2ms - 2b[0m
[90mPUT /story/5247fafb90a9c3656100002d [32m200 [90m2ms - 2b[0m
{ number: 1 }
1
[90mGET /provider/52472b44774dd1e650000001/museums/52472b44774dd1e650000002/exhibits/number/1 [32m200 [90m105ms - 104.96kb[0m
[90mGET /qr_code/52472b44774dd1e6500000ab [36m304 [90m11ms[0m
[90mGET /qr_code/52472b44774dd1e65000013e [36m304 [90m11ms[0m
[90mOPTIONS /story/52472b44774dd1e65000013e [32m200 [90m1ms - 14b[0m
[90mPUT /story/52472b44774dd1e65000013e [32m200 [90m2ms - 2b[0m
[90mPUT /story/52472b44774dd1e65000013e [32m200 [90m5ms - 2b[0m
[90mPUT /story/52472b44774dd1e65000013e [32m200 [90m3ms - 2b[0m
{ number: 1 }
1
[90mGET /provider/52472b44774dd1e650000001/museums/52472b44774dd1e650000002/exhibits/number/1 [32m200 [90m129ms - 104.96kb[0m
[90mGET /qr_code/52472b44774dd1e6500000ab [36m304 [90m11ms[0m
[90mGET /qr_code/52472b44774dd1e65000013e [36m304 [90m11ms[0m
[90mOPTIONS /story/52472b44774dd1e65000013e [32m200 [90m1ms - 14b[0m
[90mPUT /story/52472b44774dd1e65000013e [32m200 [90m3ms - 2b[0m
{ number: 1 }
1
[90mGET /provider/52472b44774dd1e650000001/museums/52472b44774dd1e650000002/exhibits/number/1 [32m200 [90m88ms - 104.99kb[0m
[90mGET /qr_code/52472b44774dd1e6500000ab [36m304 [90m11ms[0m
[90mGET /qr_code/52472b44774dd1e65000013e [36m304 [90m10ms[0m
[90mOPTIONS /story/52472b44774dd1e65000013e [32m200 [90m1ms - 14b[0m
[90mPUT /story/52472b44774dd1e65000013e [32m200 [90m2ms - 2b[0m
[90mPUT /story/52472b44774dd1e65000013e [32m200 [90m2ms - 2b[0m
[90mPUT /story/52472b44774dd1e65000013e [32m200 [90m2ms - 2b[0m
{ number: 1 }
1
[90mGET /provider/52472b44774dd1e650000001/museums/52472b44774dd1e650000002/exhibits/number/1 [32m200 [90m96ms - 104.96kb[0m
[90mGET /qr_code/52472b44774dd1e6500000ab [36m304 [90m11ms[0m
[90mGET /qr_code/52472b44774dd1e65000013e [36m304 [90m10ms[0m
{ number: 1 }
1
[90mGET /provider/52472b44774dd1e650000001/museums/52472b44774dd1e650000002/exhibits/number/1 [36m304 [90m87ms[0m
[90mGET /qr_code/52472b44774dd1e6500000ab [36m304 [90m10ms[0m
[90mGET /qr_code/52472b44774dd1e65000013e [36m304 [90m11ms[0m
{ number: 1 }
1
[90mGET /provider/52472b44774dd1e650000001/museums/52472b44774dd1e650000002/exhibits/number/1 [36m304 [90m86ms[0m
[90mGET /qr_code/52472b44774dd1e6500000ab [36m304 [90m10ms[0m
{ number: 1 }
1
[90mGET /provider/52472b44774dd1e650000001/museums/52472b44774dd1e650000002/exhibits/number/1 [36m304 [90m86ms[0m
[90mGET /qr_code/52472b44774dd1e6500000ab [36m304 [90m10ms[0m
{ number: 1 }
1
[90mGET /provider/52472b44774dd1e650000001/museums/52472b44774dd1e650000002/exhibits/number/1 [36m304 [90m98ms[0m
[90mGET /qr_code/52472b44774dd1e6500000ab [36m304 [90m10ms[0m
[90mGET /qr_code/52472b44774dd1e65000013e [36m304 [90m11ms[0m
[90mOPTIONS /story/52472b44774dd1e65000013e [32m200 [90m2ms - 14b[0m
[90mPUT /story/52472b44774dd1e65000013e [32m200 [90m3ms - 2b[0m
[90mGET /qr_code/52472b44774dd1e65000017d [32m200 [90m11ms - 1.37kb[0m
{ number: 1 }
1
[90mGET /provider/52472b44774dd1e650000001/museums/52472b44774dd1e650000002/exhibits/number/1 [32m200 [90m83ms - 105.03kb[0m
[90mGET /qr_code/52472b44774dd1e6500000ab [36m304 [90m16ms[0m
{ number: 1 }
1
[90mGET /provider/52472b44774dd1e650000001/museums/52472b44774dd1e650000002/exhibits/number/1 [36m304 [90m113ms[0m
[90mGET /qr_code/52472b44774dd1e6500000ab [36m304 [90m11ms[0m
[90mGET /qr_code/52472b44774dd1e65000013e [36m304 [90m14ms[0m
{ number: 1 }
1
[90mGET /provider/52472b44774dd1e650000001/museums/52472b44774dd1e650000002/exhibits/number/1 [36m304 [90m129ms[0m
{ number: 1 }
1
[90mGET /provider/52472b44774dd1e650000001/museums/52472b44774dd1e650000002/exhibits/number/1 [36m304 [90m83ms[0m
[90mGET /qr_code/52472b44774dd1e6500000ab [36m304 [90m10ms[0m
[90mGET /qr_code/52472b44774dd1e65000013e [36m304 [90m11ms[0m
[90mGET /qr_code/52472b44774dd1e65000017d [36m304 [90m16ms[0m
[90mOPTIONS /story/52472b44774dd1e65000013e [32m200 [90m2ms - 14b[0m
[90mPUT /story/52472b44774dd1e65000013e [32m200 [90m4ms - 2b[0m
[90mPUT /story/52472b44774dd1e65000013e [32m200 [90m3ms - 2b[0m
[90mPUT /story/52472b44774dd1e65000013e [32m200 [90m3ms - 2b[0m
{ number: 1 }
1
[90mGET /provider/52472b44774dd1e650000001/museums/52472b44774dd1e650000002/exhibits/number/1 [32m200 [90m85ms - 105.04kb[0m
[90mGET /qr_code/52472b44774dd1e6500000ab [36m304 [90m11ms[0m
[90mGET /qr_code/52472b44774dd1e65000013e [36m304 [90m11ms[0m
{ number: 1 }
1
[90mGET /provider/52472b44774dd1e650000001/museums/52472b44774dd1e650000002/exhibits/number/1 [36m304 [90m86ms[0m
[90mGET /qr_code/52472b44774dd1e6500000ab [36m304 [90m11ms[0m
[90mGET /qr_code/52472b44774dd1e65000013e [36m304 [90m12ms[0m
[90mGET /qr_code/52472b44774dd1e65000017d [36m304 [90m11ms[0m
[90mOPTIONS /story/52472b44774dd1e65000013e [32m200 [90m1ms - 14b[0m
[90mPUT /story/52472b44774dd1e65000013e [32m200 [90m2ms - 2b[0m
{ number: 1 }
1
[90mGET /provider/52472b44774dd1e650000001/museums/52472b44774dd1e650000002/exhibits/number/1 [32m200 [90m82ms - 104.99kb[0m
[90mGET /qr_code/52472b44774dd1e6500000ab [36m304 [90m11ms[0m
[90mGET /qr_code/52472b44774dd1e65000013e [36m304 [90m11ms[0m
[90mGET /qr_code/52472b44774dd1e65000017d [36m304 [90m15ms[0m
[90mOPTIONS /story/52472b44774dd1e65000013e [32m200 [90m1ms - 14b[0m
[90mPUT /story/52472b44774dd1e65000013e [32m200 [90m3ms - 2b[0m
{ number: 1 }
1
[90mGET /provider/52472b44774dd1e650000001/museums/52472b44774dd1e650000002/exhibits/number/1 [32m200 [90m86ms - 104.97kb[0m
[90mGET /qr_code/52472b44774dd1e6500000ab [36m304 [90m11ms[0m
[90mGET /qr_code/52472b44774dd1e65000013e [36m304 [90m11ms[0m
[90mOPTIONS /story/52472b44774dd1e65000013e [32m200 [90m1ms - 14b[0m
[90mPUT /story/52472b44774dd1e65000013e [32m200 [90m2ms - 2b[0m
{ number: 1 }
1
[90mGET /provider/52472b44774dd1e650000001/museums/52472b44774dd1e650000002/exhibits/number/1 [32m200 [90m131ms - 104.97kb[0m
[90mGET /qr_code/52472b44774dd1e6500000ab [36m304 [90m10ms[0m
{ number: 1 }
1
[90mGET /provider/52472b44774dd1e650000001/museums/52472b44774dd1e650000002/exhibits/number/1 [36m304 [90m89ms[0m
[90mGET /qr_code/52472b44774dd1e6500000ab [36m304 [90m13ms[0m
29 Sep 14:43:26 - [nodemon] exiting
